This is pdfTeX, Version 3.14159265-2.6-1.40.19 (MiKTeX 2.9.6840 64-bit) (preloaded format=pdflatex 2018.11.21)  24 FEB 2019 12:39
entering extended mode
**./main.tex
(main.tex
LaTeX2e <2018-04-01> patch level 5

("C:\Users\Korisnik.DESKTOP-DDMVJC4\AppData\Local\Programs\MiKTeX 2.9\tex\latex
\base\article.cls"
Document Class: article 2014/09/29 v1.4h Standard LaTeX document class

("C:\Users\Korisnik.DESKTOP-DDMVJC4\AppData\Local\Programs\MiKTeX 2.9\tex\latex
\base\size11.clo"
File: size11.clo 2014/09/29 v1.4h Standard LaTeX file (size option)
)
\c@part=\count80
\c@section=\count81
\c@subsection=\count82
\c@subsubsection=\count83
\c@paragraph=\count84
\c@subparagraph=\count85
\c@figure=\count86
\c@table=\count87
\abovecaptionskip=\skip41
\belowcaptionskip=\skip42
\bibindent=\dimen102
) (naaclhlt2018.sty
("C:\Users\Korisnik.DESKTOP-DDMVJC4\AppData\Local\Programs\MiKTeX 2.9\tex\latex
\hyperref\hyperref.sty"
Package: hyperref 2018/09/30 v6.88a Hypertext links for LaTeX

("C:\Users\Korisnik.DESKTOP-DDMVJC4\AppData\Local\Programs\MiKTeX 2.9\tex\gener
ic\oberdiek\hobsub-hyperref.sty"
Package: hobsub-hyperref 2016/05/16 v1.14 Bundle oberdiek, subset hyperref (HO)


("C:\Users\Korisnik.DESKTOP-DDMVJC4\AppData\Local\Programs\MiKTeX 2.9\tex\gener
ic\oberdiek\hobsub-generic.sty"
Package: hobsub-generic 2016/05/16 v1.14 Bundle oberdiek, subset generic (HO)
Package: hobsub 2016/05/16 v1.14 Construct package bundles (HO)
Package: infwarerr 2016/05/16 v1.4 Providing info/warning/error messages (HO)
Package: ltxcmds 2016/05/16 v1.23 LaTeX kernel commands for general use (HO)
Package: ifluatex 2016/05/16 v1.4 Provides the ifluatex switch (HO)
Package ifluatex Info: LuaTeX not detected.
Package: ifvtex 2016/05/16 v1.6 Detect VTeX and its facilities (HO)
Package ifvtex Info: VTeX not detected.
Package: intcalc 2016/05/16 v1.2 Expandable calculations with integers (HO)
Package: ifpdf 2018/09/07 v3.3 Provides the ifpdf switch
Package: etexcmds 2016/05/16 v1.6 Avoid name clashes with e-TeX commands (HO)
Package etexcmds Info: Could not find \expanded.
(etexcmds)             That can mean that you are not using pdfTeX 1.50 or
(etexcmds)             that some package has redefined \expanded.
(etexcmds)             In the latter case, load this package earlier.
Package: kvsetkeys 2016/05/16 v1.17 Key value parser (HO)
Package: kvdefinekeys 2016/05/16 v1.4 Define keys (HO)
Package: pdftexcmds 2018/09/10 v0.29 Utility functions of pdfTeX for LuaTeX (HO
)
Package pdftexcmds Info: LuaTeX not detected.
Package pdftexcmds Info: \pdf@primitive is available.
Package pdftexcmds Info: \pdf@ifprimitive is available.
Package pdftexcmds Info: \pdfdraftmode found.
Package: pdfescape 2016/05/16 v1.14 Implements pdfTeX's escape features (HO)
Package: bigintcalc 2016/05/16 v1.4 Expandable calculations on big integers (HO
)
Package: bitset 2016/05/16 v1.2 Handle bit-vector datatype (HO)
Package: uniquecounter 2016/05/16 v1.3 Provide unlimited unique counter (HO)
)
Package hobsub Info: Skipping package `hobsub' (already loaded).
Package: letltxmacro 2016/05/16 v1.5 Let assignment for LaTeX macros (HO)
Package: hopatch 2016/05/16 v1.3 Wrapper for package hooks (HO)
Package: xcolor-patch 2016/05/16 xcolor patch
Package: atveryend 2016/05/16 v1.9 Hooks at the very end of document (HO)
Package atveryend Info: \enddocument detected (standard20110627).
Package: atbegshi 2016/06/09 v1.18 At begin shipout hook (HO)
Package: refcount 2016/05/16 v3.5 Data extraction from label references (HO)
Package: hycolor 2016/05/16 v1.8 Color options for hyperref/bookmark (HO)
)
("C:\Users\Korisnik.DESKTOP-DDMVJC4\AppData\Local\Programs\MiKTeX 2.9\tex\latex
\graphics\keyval.sty"
Package: keyval 2014/10/28 v1.15 key=value parser (DPC)
\KV@toks@=\toks14
)
("C:\Users\Korisnik.DESKTOP-DDMVJC4\AppData\Local\Programs\MiKTeX 2.9\tex\gener
ic\ifxetex\ifxetex.sty"
Package: ifxetex 2010/09/12 v0.6 Provides ifxetex conditional
)
("C:\Users\Korisnik.DESKTOP-DDMVJC4\AppData\Local\Programs\MiKTeX 2.9\tex\latex
\oberdiek\auxhook.sty"
Package: auxhook 2016/05/16 v1.4 Hooks for auxiliary files (HO)
)
("C:\Users\Korisnik.DESKTOP-DDMVJC4\AppData\Local\Programs\MiKTeX 2.9\tex\latex
\oberdiek\kvoptions.sty"
Package: kvoptions 2016/05/16 v3.12 Key value format for package options (HO)
)
\@linkdim=\dimen103
\Hy@linkcounter=\count88
\Hy@pagecounter=\count89

("C:\Users\Korisnik.DESKTOP-DDMVJC4\AppData\Local\Programs\MiKTeX 2.9\tex\latex
\hyperref\pd1enc.def"
File: pd1enc.def 2018/09/30 v6.88a Hyperref: PDFDocEncoding definition (HO)
Now handling font encoding PD1 ...
... no UTF-8 mapping file for font encoding PD1
)
\Hy@SavedSpaceFactor=\count90

("C:\Users\Korisnik.DESKTOP-DDMVJC4\AppData\Local\Programs\MiKTeX 2.9\tex\latex
\00miktex\hyperref.cfg"
File: hyperref.cfg 2002/06/06 v1.2 hyperref configuration of TeXLive
)
Package hyperref Info: Hyper figures OFF on input line 4535.
Package hyperref Info: Link nesting OFF on input line 4540.
Package hyperref Info: Hyper index ON on input line 4543.
Package hyperref Info: Plain pages OFF on input line 4550.
Package hyperref Info: Backreferencing OFF on input line 4555.
Package hyperref Info: Implicit mode ON; LaTeX internals redefined.
Package hyperref Info: Bookmarks ON on input line 4788.
\c@Hy@tempcnt=\count91

("C:\Users\Korisnik.DESKTOP-DDMVJC4\AppData\Local\Programs\MiKTeX 2.9\tex\latex
\url\url.sty"
\Urlmuskip=\muskip10
Package: url 2013/09/16  ver 3.4  Verb mode for urls, etc.
)
LaTeX Info: Redefining \url on input line 5141.
\XeTeXLinkMargin=\dimen104
\Fld@menulength=\count92
\Field@Width=\dimen105
\Fld@charsize=\dimen106
Package hyperref Info: Hyper figures OFF on input line 6396.
Package hyperref Info: Link nesting OFF on input line 6401.
Package hyperref Info: Hyper index ON on input line 6404.
Package hyperref Info: backreferencing OFF on input line 6411.
Package hyperref Info: Link coloring OFF on input line 6416.
Package hyperref Info: Link coloring with OCG OFF on input line 6421.
Package hyperref Info: PDF/A mode OFF on input line 6426.
LaTeX Info: Redefining \ref on input line 6466.
LaTeX Info: Redefining \pageref on input line 6470.
\Hy@abspage=\count93
\c@Item=\count94
\c@Hfootnote=\count95
)
Package hyperref Info: Driver (autodetected): hpdftex.

("C:\Users\Korisnik.DESKTOP-DDMVJC4\AppData\Local\Programs\MiKTeX 2.9\tex\latex
\hyperref\hpdftex.def"
File: hpdftex.def 2018/09/30 v6.88a Hyperref driver for pdfTeX
\Fld@listcount=\count96
\c@bookmark@seq@number=\count97

("C:\Users\Korisnik.DESKTOP-DDMVJC4\AppData\Local\Programs\MiKTeX 2.9\tex\latex
\oberdiek\rerunfilecheck.sty"
Package: rerunfilecheck 2016/05/16 v1.8 Rerun checks for auxiliary files (HO)
Package uniquecounter Info: New unique counter `rerunfilecheck' on input line 2
82.
)
\Hy@SectionHShift=\skip43
)
("C:\Users\Korisnik.DESKTOP-DDMVJC4\AppData\Local\Programs\MiKTeX 2.9\tex\latex
\xcolor\xcolor.sty"
Package: xcolor 2016/05/11 v2.12 LaTeX color extensions (UK)

("C:\Users\Korisnik.DESKTOP-DDMVJC4\AppData\Local\Programs\MiKTeX 2.9\tex\latex
\graphics-cfg\color.cfg"
File: color.cfg 2016/01/02 v1.6 sample color configuration
)
Package xcolor Info: Driver file: pdftex.def on input line 225.

("C:\Users\Korisnik.DESKTOP-DDMVJC4\AppData\Local\Programs\MiKTeX 2.9\tex\latex
\graphics-def\pdftex.def"
File: pdftex.def 2018/01/08 v1.0l Graphics/color driver for pdftex
)
Package xcolor Info: Model `cmy' substituted by `cmy0' on input line 1348.
Package xcolor Info: Model `hsb' substituted by `rgb' on input line 1352.
Package xcolor Info: Model `RGB' extended on input line 1364.
Package xcolor Info: Model `HTML' substituted by `rgb' on input line 1366.
Package xcolor Info: Model `Hsb' substituted by `hsb' on input line 1367.
Package xcolor Info: Model `tHsb' substituted by `hsb' on input line 1368.
Package xcolor Info: Model `HSB' substituted by `hsb' on input line 1369.
Package xcolor Info: Model `Gray' substituted by `gray' on input line 1370.
Package xcolor Info: Model `wave' substituted by `hsb' on input line 1371.
)
Package hyperref Info: Option `colorlinks' set `true' on input line 103.

Conference Style for NAACL-HLT 2018
\titlebox=\skip44
\aclrulerbox=\box26
\aclrulercount=\count98
\aclruleroffset=\dimen107
\cv@lineheight=\dimen108
\cv@boxheight=\dimen109
\cv@tmpbox=\box27
\cv@refno=\count99
\cv@tot=\count100
\cv@tmpc@=\count101
\cv@tmpc=\count102

("C:\Users\Korisnik.DESKTOP-DDMVJC4\AppData\Local\Programs\MiKTeX 2.9\tex\latex
\natbib\natbib.sty"
Package: natbib 2010/09/13 8.31b (PWD, AO)
\bibhang=\skip45
\bibsep=\skip46
LaTeX Info: Redefining \cite on input line 694.
\c@NAT@ctr=\count103
))
("C:\Users\Korisnik.DESKTOP-DDMVJC4\AppData\Local\Programs\MiKTeX 2.9\tex\latex
\psnfss\times.sty"
Package: times 2005/04/12 PSNFSS-v9.2a (SPQR) 
)
("C:\Users\Korisnik.DESKTOP-DDMVJC4\AppData\Local\Programs\MiKTeX 2.9\tex\latex
\base\latexsym.sty"
Package: latexsym 1998/08/17 v2.2e Standard LaTeX package (lasy symbols)
\symlasy=\mathgroup4
LaTeX Font Info:    Overwriting symbol font `lasy' in version `bold'
(Font)                  U/lasy/m/n --> U/lasy/b/n on input line 52.
)
("C:\Users\Korisnik.DESKTOP-DDMVJC4\AppData\Local\Programs\MiKTeX 2.9\tex\latex
\tools\tabularx.sty"
Package: tabularx 2016/02/03 v2.11b `tabularx' package (DPC)

("C:\Users\Korisnik.DESKTOP-DDMVJC4\AppData\Local\Programs\MiKTeX 2.9\tex\latex
\tools\array.sty"
Package: array 2018/04/30 v2.4h Tabular extension package (FMi)
\col@sep=\dimen110
\ar@mcellbox=\box28
\extrarowheight=\dimen111
\NC@list=\toks15
\extratabsurround=\skip47
\backup@length=\skip48
\ar@cellbox=\box29
)
\TX@col@width=\dimen112
\TX@old@table=\dimen113
\TX@old@col=\dimen114
\TX@target=\dimen115
\TX@delta=\dimen116
\TX@cols=\count104
\TX@ftn=\toks16
)
("C:\Users\Korisnik.DESKTOP-DDMVJC4\AppData\Local\Programs\MiKTeX 2.9\tex\latex
\booktabs\booktabs.sty"
Package: booktabs 2005/04/14 v1.61803 publication quality tables
\heavyrulewidth=\dimen117
\lightrulewidth=\dimen118
\cmidrulewidth=\dimen119
\belowrulesep=\dimen120
\belowbottomsep=\dimen121
\aboverulesep=\dimen122
\abovetopsep=\dimen123
\cmidrulesep=\dimen124
\cmidrulekern=\dimen125
\defaultaddspace=\dimen126
\@cmidla=\count105
\@cmidlb=\count106
\@aboverulesep=\dimen127
\@belowrulesep=\dimen128
\@thisruleclass=\count107
\@lastruleclass=\count108
\@thisrulewidth=\dimen129
)
("C:\Users\Korisnik.DESKTOP-DDMVJC4\AppData\Local\Programs\MiKTeX 2.9\tex\latex
\cite\cite.sty"
LaTeX Info: Redefining \cite on input line 302.
LaTeX Info: Redefining \nocite on input line 332.
Package: cite 2015/02/27  v 5.5
) (main.aux

LaTeX Warning: Label `sec:feature' multiply defined.

)
\openout1 = `main.aux'.

LaTeX Font Info:    Checking defaults for OML/cmm/m/it on input line 36.
LaTeX Font Info:    ... okay on input line 36.
LaTeX Font Info:    Checking defaults for T1/cmr/m/n on input line 36.
LaTeX Font Info:    ... okay on input line 36.
LaTeX Font Info:    Checking defaults for OT1/cmr/m/n on input line 36.
LaTeX Font Info:    ... okay on input line 36.
LaTeX Font Info:    Checking defaults for OMS/cmsy/m/n on input line 36.
LaTeX Font Info:    ... okay on input line 36.
LaTeX Font Info:    Checking defaults for OMX/cmex/m/n on input line 36.
LaTeX Font Info:    ... okay on input line 36.
LaTeX Font Info:    Checking defaults for U/cmr/m/n on input line 36.
LaTeX Font Info:    ... okay on input line 36.
LaTeX Font Info:    Checking defaults for PD1/pdf/m/n on input line 36.
LaTeX Font Info:    ... okay on input line 36.
LaTeX Font Info:    Try loading font information for OT1+ptm on input line 36.

("C:\Users\Korisnik.DESKTOP-DDMVJC4\AppData\Local\Programs\MiKTeX 2.9\tex\latex
\psnfss\ot1ptm.fd"
File: ot1ptm.fd 2001/06/04 font definitions for OT1/ptm.
)
\AtBeginShipoutBox=\box30
Package hyperref Info: Link coloring ON on input line 36.

("C:\Users\Korisnik.DESKTOP-DDMVJC4\AppData\Local\Programs\MiKTeX 2.9\tex\latex
\hyperref\nameref.sty"
Package: nameref 2016/05/21 v2.44 Cross-referencing by name of section

("C:\Users\Korisnik.DESKTOP-DDMVJC4\AppData\Local\Programs\MiKTeX 2.9\tex\gener
ic\oberdiek\gettitlestring.sty"
Package: gettitlestring 2016/05/16 v1.5 Cleanup title references (HO)
)
\c@section@level=\count109
)
LaTeX Info: Redefining \ref on input line 36.
LaTeX Info: Redefining \pageref on input line 36.
LaTeX Info: Redefining \nameref on input line 36.
 (main.out) (main.out)
\@outlinefile=\write3
\openout3 = `main.out'.


("C:\Users\Korisnik.DESKTOP-DDMVJC4\AppData\Local\Programs\MiKTeX 2.9\tex\conte
xt\base\supp-pdf.mkii"
[Loading MPS to PDF converter (version 2006.09.02).]
\scratchcounter=\count110
\scratchdimen=\dimen130
\scratchbox=\box31
\nofMPsegments=\count111
\nofMParguments=\count112
\everyMPshowfont=\toks17
\MPscratchCnt=\count113
\MPscratchDim=\dimen131
\MPnumerator=\count114
\makeMPintoPDFobject=\count115
\everyMPtoPDFconversion=\toks18
) ABD: EveryShipout initializing macros
LaTeX Font Info:    Font shape `OT1/ptm/bx/n' in size <14.4> not available
(Font)              Font shape `OT1/ptm/b/n' tried instead on input line 37.
LaTeX Font Info:    External font `cmex10' loaded for size
(Font)              <12> on input line 37.
LaTeX Font Info:    External font `cmex10' loaded for size
(Font)              <8> on input line 37.
LaTeX Font Info:    External font `cmex10' loaded for size
(Font)              <6> on input line 37.
LaTeX Font Info:    Try loading font information for U+lasy on input line 37.

("C:\Users\Korisnik.DESKTOP-DDMVJC4\AppData\Local\Programs\MiKTeX 2.9\tex\latex
\base\ulasy.fd"
File: ulasy.fd 1998/08/17 v2.2e LaTeX symbol font definitions
)
LaTeX Font Info:    Font shape `OT1/ptm/bx/n' in size <12> not available
(Font)              Font shape `OT1/ptm/b/n' tried instead on input line 37.
LaTeX Font Info:    Try loading font information for OT1+pcr on input line 37.

("C:\Users\Korisnik.DESKTOP-DDMVJC4\AppData\Local\Programs\MiKTeX 2.9\tex\latex
\psnfss\ot1pcr.fd"
File: ot1pcr.fd 2001/06/04 font definitions for OT1/pcr.
)
LaTeX Font Info:    Try loading font information for OMS+pcr on input line 37.

("C:\Users\Korisnik.DESKTOP-DDMVJC4\AppData\Local\Programs\MiKTeX 2.9\tex\latex
\psnfss\omspcr.fd"
File: omspcr.fd 
)
LaTeX Font Info:    Font shape `OMS/pcr/m/n' in size <12> not available
(Font)              Font shape `OMS/cmsy/m/n' tried instead on input line 37.
 (0-Abstract.tex) (1-Introduction.tex)
(2-DatasetDescription.tex
Underfull \hbox (badness 1521) in paragraph at lines 6--8
\OT1/ptm/m/n/10.95 owed the abun-dance of ar-ti-cles in the larger
 []

[1{C:/Users/Korisnik.DESKTOP-DDMVJC4/AppData/Local/MiKTeX/2.9/pdftex/config/pdf
tex.map}



]) (3-ModelDescription.tex) (4-Features.tex
LaTeX Font Info:    Font shape `OT1/ptm/bx/n' in size <10.95> not available
(Font)              Font shape `OT1/ptm/b/n' tried instead on input line 12.
LaTeX Font Info:    External font `cmex10' loaded for size
(Font)              <9> on input line 29.
LaTeX Font Info:    External font `cmex10' loaded for size
(Font)              <5> on input line 29.
 [2]
LaTeX Font Info:    External font `cmex10' loaded for size
(Font)              <10.95> on input line 73.
) (5-Evaluation.tex
LaTeX Font Info:    Font shape `OT1/ptm/bx/n' in size <9> not available
(Font)              Font shape `OT1/ptm/b/n' tried instead on input line 24.
)
(6-Conclusion.tex) [3] (main.bbl
Underfull \hbox (badness 1077) in paragraph at lines 11--16
\OT1/ptm/m/n/10 manuel Vin-cent, Payam Adineh, David Cor-ney,
 []

)
Package atveryend Info: Empty hook `BeforeClearDocument' on input line 51.
 [4

]
Package atveryend Info: Empty hook `AfterLastShipout' on input line 51.
 (main.aux)
Package atveryend Info: Executing hook `AtVeryEndDocument' on input line 51.
Package atveryend Info: Executing hook `AtEndAfterFileList' on input line 51.
Package rerunfilecheck Info: File `main.out' has not changed.
(rerunfilecheck)             Checksum: D41D8CD98F00B204E9800998ECF8427E;0.


LaTeX Warning: There were multiply-defined labels.

Package atveryend Info: Empty hook `AtVeryVeryEnd' on input line 51.
 )
(\end occurred when \iffalse on line 342 was incomplete) 
Here is how much of TeX's memory you used:
 5981 strings out of 492970
 89467 string characters out of 3118157
 186452 words of memory out of 3000000
 9748 multiletter control sequences out of 15000+200000
 30310 words of font info for 65 fonts, out of 3000000 for 9000
 1141 hyphenation exceptions out of 8191
 35i,11n,37p,1004b,318s stack positions out of 5000i,500n,10000p,200000b,50000s
{C:/Users/Korisnik.DESK
TOP-DDMVJC4/AppData/Local/Programs/MiKTeX 2.9/fonts/enc/dvips/base/8r.enc}<C:/U
sers/Korisnik.DESKTOP-DDMVJC4/AppData/Local/Programs/MiKTeX 2.9/fonts/type1/pub
lic/amsfonts/cm/cmmi10.pfb><C:/Users/Korisnik.DESKTOP-DDMVJC4/AppData/Local/Pro
grams/MiKTeX 2.9/fonts/type1/public/amsfonts/cm/cmr10.pfb><C:/Users/Korisnik.DE
SKTOP-DDMVJC4/AppData/Local/Programs/MiKTeX 2.9/fonts/type1/public/amsfonts/cm/
cmsy10.pfb><C:/Users/Korisnik.DESKTOP-DDMVJC4/AppData/Local/Programs/MiKTeX 2.9
/fonts/type1/urw/courier/ucrr8a.pfb><C:/Users/Korisnik.DESKTOP-DDMVJC4/AppData/
Local/Programs/MiKTeX 2.9/fonts/type1/urw/times/utmb8a.pfb><C:/Users/Korisnik.D
ESKTOP-DDMVJC4/AppData/Local/Programs/MiKTeX 2.9/fonts/type1/urw/times/utmr8a.p
fb><C:/Users/Korisnik.DESKTOP-DDMVJC4/AppData/Local/Programs/MiKTeX 2.9/fonts/t
ype1/urw/times/utmri8a.pfb>
Output written on main.pdf (4 pages, 105930 bytes).
PDF statistics:
 86 PDF objects out of 1000 (max. 8388607)
 26 named destinations out of 1000 (max. 500000)
 1 words of extra memory for PDF output out of 10000 (max. 10000000)

